Information: Updating design information... (UID-85)
 
****************************************
Report : qor
Design : adder_1d
Version: Q-2019.12-SP3
Date   : Thu Feb  2 19:46:10 2023
****************************************


  Timing Path Group 'default'
  -----------------------------------
  Levels of Logic:               5.00
  Critical Path Length:          0.45
  Critical Path Slack:          -0.45
  Critical Path Clk Period:       n/a
  Total Negative Slack:         -1.99
  No. of Violating Paths:        6.00
  Worst Hold Violation:          0.00
  Total Hold Violation:          0.00
  No. of Hold Violations:        0.00
  -----------------------------------


  Cell Count
  -----------------------------------
  Hierarchical Cell Count:          0
  Hierarchical Port Count:          0
  Leaf Cell Count:                 21
  Buf/Inv Cell Count:               3
  Buf Cell Count:                   0
  Inv Cell Count:                   3
  CT Buf/Inv Cell Count:            0
  Combinational Cell Count:        21
  Sequential Cell Count:            0
  Macro Count:                      0
  -----------------------------------


  Area
  -----------------------------------
  Combinational Area:       85.392384
  Noncombinational Area:     0.000000
  Buf/Inv Area:              3.812160
  Total Buffer Area:             0.00
  Total Inverter Area:           3.81
  Macro/Black Box Area:      0.000000
  Net Area:                  5.591745
  -----------------------------------
  Cell Area:                85.392384
  Design Area:              90.984129


  Design Rules
  -----------------------------------
  Total Number of Nets:            36
  Nets With Violations:             0
  Max Trans Violations:             0
  Max Cap Violations:               0
  -----------------------------------


  Hostname: auto.ece.pdx.edu

  Compile CPU Statistics
  -----------------------------------------
  Resource Sharing:                    0.02
  Logic Optimization:                  0.11
  Mapping Optimization:                1.99
  -----------------------------------------
  Overall Compile Time:                5.36
  Overall Compile Wall Clock Time:     5.72

  --------------------------------------------------------------------

  Design  WNS: 0.45  TNS: 1.99  Number of Violating Paths: 6


  Design (Hold)  WNS: 0.00  TNS: 0.00  Number of Violating Paths: 0

  --------------------------------------------------------------------


1
