 
****************************************
Report : timing
        -path full
        -delay max
        -derate
        -input_pins
        -nets
        -slack_lesser_than 0.0000
        -max_paths 10000
        -transition_time
        -crosstalk_delta
        -capacitance
Design : adder_1d
Version: Q-2019.12-SP3
Date   : Thu Feb  2 19:46:10 2023
****************************************

Operating Conditions: ss0p95v125c   Library: saed32rvt_ss0p95v125c
Wire Load Model Mode: enclosed

  Startpoint: a[2] (input port)
  Endpoint: carry[0] (output port)
  Path Group: default
  Path Type: max

  Des/Clust/Port     Wire Load Model       Library
  ------------------------------------------------
  adder_1d           ForQA                 saed32rvt_ss0p95v125c

  Point                        Fanout       Cap     DTran     Trans     Delta     Derate      Incr       Path
  --------------------------------------------------------------------------------------------------------------
  input external delay                                                                      0.0000     0.0000 f
  a[2] (in)                                                  0.0000                         0.0000     0.0000 f
  a[2] (net)                     3       5.1567                                             0.0000     0.0000 f
  U9/A2 (XOR3X2_RVT)                               0.0000    0.0000    0.0000               0.0000     0.0000 f
  U9/Y (XOR3X2_RVT)                                          0.0478                         0.1510     0.1510 r
  intadd_0_A_2_ (net)            2       2.1702                                             0.0000     0.1510 r
  U5/A2 (OR2X2_RVT)                                0.0000    0.0478    0.0000               0.0000     0.1510 r
  U5/Y (OR2X2_RVT)                                           0.0285                         0.0635     0.2145 r
  n6 (net)                       2       1.6525                                             0.0000     0.2145 r
  U8/A3 (AO22X1_RVT)                               0.0000    0.0285    0.0000               0.0000     0.2145 r
  U8/Y (AO22X1_RVT)                                          0.0333                         0.0625     0.2770 r
  intadd_0_n2 (net)              1       0.7977                                             0.0000     0.2770 r
  U14/A3 (AO22X1_RVT)                              0.0000    0.0333    0.0000               0.0000     0.2770 r
  U14/Y (AO22X1_RVT)                                         0.0492                         0.0787     0.3557 r
  n10 (net)                      2       2.7733                                             0.0000     0.3557 r
  U12/A1 (XNOR2X2_RVT)                             0.0000    0.0492    0.0000               0.0000     0.3557 r
  U12/Y (XNOR2X2_RVT)                                        0.0304                         0.0905     0.4461 r
  carry[0] (net)                 1       0.2433                                             0.0000     0.4461 r
  carry[0] (out)                                   0.0000    0.0304    0.0000               0.0000     0.4461 r
  data arrival time                                                                                    0.4461

  max_delay                                                                                 0.0000     0.0000
  output external delay                                                                     0.0000     0.0000
  data required time                                                                                   0.0000
  --------------------------------------------------------------------------------------------------------------
  data required time                                                                                   0.0000
  data arrival time                                                                                   -0.4461
  --------------------------------------------------------------------------------------------------------------
  slack (VIOLATED)                                                                                    -0.4461


  Startpoint: a[2] (input port)
  Endpoint: carry[1] (output port)
  Path Group: default
  Path Type: max

  Des/Clust/Port     Wire Load Model       Library
  ------------------------------------------------
  adder_1d           ForQA                 saed32rvt_ss0p95v125c

  Point                        Fanout       Cap     DTran     Trans     Delta     Derate      Incr       Path
  --------------------------------------------------------------------------------------------------------------
  input external delay                                                                      0.0000     0.0000 f
  a[2] (in)                                                  0.0000                         0.0000     0.0000 f
  a[2] (net)                     3       5.1567                                             0.0000     0.0000 f
  U9/A2 (XOR3X2_RVT)                               0.0000    0.0000    0.0000               0.0000     0.0000 f
  U9/Y (XOR3X2_RVT)                                          0.0478                         0.1510     0.1510 r
  intadd_0_A_2_ (net)            2       2.1702                                             0.0000     0.1510 r
  U5/A2 (OR2X2_RVT)                                0.0000    0.0478    0.0000               0.0000     0.1510 r
  U5/Y (OR2X2_RVT)                                           0.0285                         0.0635     0.2145 r
  n6 (net)                       2       1.6525                                             0.0000     0.2145 r
  U8/A3 (AO22X1_RVT)                               0.0000    0.0285    0.0000               0.0000     0.2145 r
  U8/Y (AO22X1_RVT)                                          0.0333                         0.0625     0.2770 r
  intadd_0_n2 (net)              1       0.7977                                             0.0000     0.2770 r
  U14/A3 (AO22X1_RVT)                              0.0000    0.0333    0.0000               0.0000     0.2770 r
  U14/Y (AO22X1_RVT)                                         0.0492                         0.0787     0.3557 r
  n10 (net)                      2       2.7733                                             0.0000     0.3557 r
  U21/A2 (AND2X1_RVT)                              0.0000    0.0492    0.0000               0.0000     0.3557 r
  U21/Y (AND2X1_RVT)                                         0.0215                         0.0532     0.4089 r
  carry[1] (net)                 1       0.2433                                             0.0000     0.4089 r
  carry[1] (out)                                   0.0000    0.0215    0.0000               0.0000     0.4089 r
  data arrival time                                                                                    0.4089

  max_delay                                                                                 0.0000     0.0000
  output external delay                                                                     0.0000     0.0000
  data required time                                                                                   0.0000
  --------------------------------------------------------------------------------------------------------------
  data required time                                                                                   0.0000
  data arrival time                                                                                   -0.4089
  --------------------------------------------------------------------------------------------------------------
  slack (VIOLATED)                                                                                    -0.4089


  Startpoint: b[0] (input port)
  Endpoint: sum[2] (output port)
  Path Group: default
  Path Type: max

  Des/Clust/Port     Wire Load Model       Library
  ------------------------------------------------
  adder_1d           ForQA                 saed32rvt_ss0p95v125c

  Point                        Fanout       Cap     DTran     Trans     Delta     Derate      Incr       Path
  --------------------------------------------------------------------------------------------------------------
  input external delay                                                                      0.0000     0.0000 r
  b[0] (in)                                                  0.0000                         0.0000     0.0000 r
  b[0] (net)                     1       2.1790                                             0.0000     0.0000 r
  intadd_0_U5/A (FADDX1_RVT)                       0.0000    0.0000    0.0000               0.0000     0.0000 r
  intadd_0_U5/CO (FADDX1_RVT)                                0.0481                         0.0953     0.0953 r
  intadd_0_n4 (net)              1       1.6980                                             0.0000     0.0953 r
  intadd_0_U4/CI (FADDX2_RVT)                      0.0000    0.0481    0.0000               0.0000     0.0953 r
  intadd_0_U4/CO (FADDX2_RVT)                                0.0517                         0.1085     0.2037 r
  intadd_0_n3 (net)              3       2.7880                                             0.0000     0.2037 r
  U10/A (INVX1_RVT)                                0.0000    0.0517    0.0000               0.0000     0.2037 r
  U10/Y (INVX1_RVT)                                          0.0318                         0.0254     0.2291 f
  n1 (net)                       1       1.0123                                             0.0000     0.2291 f
  U3/A (INVX1_RVT)                                 0.0000    0.0318    0.0000               0.0000     0.2291 f
  U3/Y (INVX1_RVT)                                           0.0253                         0.0283     0.2574 r
  n2 (net)                       1       1.3147                                             0.0000     0.2574 r
  U15/A1 (XOR3X2_RVT)                              0.0000    0.0253    0.0000               0.0000     0.2574 r
  U15/Y (XOR3X2_RVT)                                         0.0432                         0.1442     0.4017 f
  sum[2] (net)                   1       0.2433                                             0.0000     0.4017 f
  sum[2] (out)                                     0.0000    0.0432    0.0000               0.0000     0.4017 f
  data arrival time                                                                                    0.4017

  max_delay                                                                                 0.0000     0.0000
  output external delay                                                                     0.0000     0.0000
  data required time                                                                                   0.0000
  --------------------------------------------------------------------------------------------------------------
  data required time                                                                                   0.0000
  data arrival time                                                                                   -0.4017
  --------------------------------------------------------------------------------------------------------------
  slack (VIOLATED)                                                                                    -0.4017


  Startpoint: a[2] (input port)
  Endpoint: sum[3] (output port)
  Path Group: default
  Path Type: max

  Des/Clust/Port     Wire Load Model       Library
  ------------------------------------------------
  adder_1d           ForQA                 saed32rvt_ss0p95v125c

  Point                        Fanout       Cap     DTran     Trans     Delta     Derate      Incr       Path
  --------------------------------------------------------------------------------------------------------------
  input external delay                                                                      0.0000     0.0000 f
  a[2] (in)                                                  0.0000                         0.0000     0.0000 f
  a[2] (net)                     3       5.1567                                             0.0000     0.0000 f
  U9/A2 (XOR3X2_RVT)                               0.0000    0.0000    0.0000               0.0000     0.0000 f
  U9/Y (XOR3X2_RVT)                                          0.0504                         0.1541     0.1541 f
  intadd_0_A_2_ (net)            2       2.1566                                             0.0000     0.1541 f
  U5/A2 (OR2X2_RVT)                                0.0000    0.0504    0.0000               0.0000     0.1541 f
  U5/Y (OR2X2_RVT)                                           0.0275                         0.0630     0.2171 f
  n6 (net)                       2       1.6426                                             0.0000     0.2171 f
  U4/A3 (AO22X1_RVT)                               0.0000    0.0275    0.0000               0.0000     0.2171 f
  U4/Y (AO22X1_RVT)                                          0.0322                         0.0579     0.2750 f
  n4 (net)                       1       1.6397                                             0.0000     0.2750 f
  U6/A3 (XOR3X1_RVT)                               0.0000    0.0322    0.0000               0.0000     0.2750 f
  U6/Y (XOR3X1_RVT)                                          0.0441                         0.0708     0.3458 r
  sum[3] (net)                   1       0.2433                                             0.0000     0.3458 r
  sum[3] (out)                                     0.0000    0.0441    0.0000               0.0000     0.3458 r
  data arrival time                                                                                    0.3458

  max_delay                                                                                 0.0000     0.0000
  output external delay                                                                     0.0000     0.0000
  data required time                                                                                   0.0000
  --------------------------------------------------------------------------------------------------------------
  data required time                                                                                   0.0000
  data arrival time                                                                                   -0.3458
  --------------------------------------------------------------------------------------------------------------
  slack (VIOLATED)                                                                                    -0.3458


  Startpoint: b[0] (input port)
  Endpoint: sum[1] (output port)
  Path Group: default
  Path Type: max

  Des/Clust/Port     Wire Load Model       Library
  ------------------------------------------------
  adder_1d           ForQA                 saed32rvt_ss0p95v125c

  Point                        Fanout       Cap     DTran     Trans     Delta     Derate      Incr       Path
  --------------------------------------------------------------------------------------------------------------
  input external delay                                                                      0.0000     0.0000 r
  b[0] (in)                                                  0.0000                         0.0000     0.0000 r
  b[0] (net)                     1       2.1790                                             0.0000     0.0000 r
  intadd_0_U5/A (FADDX1_RVT)                       0.0000    0.0000    0.0000               0.0000     0.0000 r
  intadd_0_U5/CO (FADDX1_RVT)                                0.0481                         0.0953     0.0953 r
  intadd_0_n4 (net)              1       1.6980                                             0.0000     0.0953 r
  intadd_0_U4/CI (FADDX2_RVT)                      0.0000    0.0481    0.0000               0.0000     0.0953 r
  intadd_0_U4/S (FADDX2_RVT)                                 0.0395                         0.1609     0.2561 f
  sum[1] (net)                   1       0.2433                                             0.0000     0.2561 f
  sum[1] (out)                                     0.0000    0.0395    0.0000               0.0000     0.2561 f
  data arrival time                                                                                    0.2561

  max_delay                                                                                 0.0000     0.0000
  output external delay                                                                     0.0000     0.0000
  data required time                                                                                   0.0000
  --------------------------------------------------------------------------------------------------------------
  data required time                                                                                   0.0000
  data arrival time                                                                                   -0.2561
  --------------------------------------------------------------------------------------------------------------
  slack (VIOLATED)                                                                                    -0.2561


  Startpoint: b[0] (input port)
  Endpoint: sum[0] (output port)
  Path Group: default
  Path Type: max

  Des/Clust/Port     Wire Load Model       Library
  ------------------------------------------------
  adder_1d           ForQA                 saed32rvt_ss0p95v125c

  Point                        Fanout       Cap     DTran     Trans     Delta     Derate      Incr       Path
  --------------------------------------------------------------------------------------------------------------
  input external delay                                                                      0.0000     0.0000 r
  b[0] (in)                                                  0.0000                         0.0000     0.0000 r
  b[0] (net)                     1       2.1790                                             0.0000     0.0000 r
  intadd_0_U5/A (FADDX1_RVT)                       0.0000    0.0000    0.0000               0.0000     0.0000 r
  intadd_0_U5/S (FADDX1_RVT)                                 0.0335                         0.1295     0.1295 f
  sum[0] (net)                   1       0.2433                                             0.0000     0.1295 f
  sum[0] (out)                                     0.0000    0.0335    0.0000               0.0000     0.1295 f
  data arrival time                                                                                    0.1295

  max_delay                                                                                 0.0000     0.0000
  output external delay                                                                     0.0000     0.0000
  data required time                                                                                   0.0000
  --------------------------------------------------------------------------------------------------------------
  data required time                                                                                   0.0000
  data arrival time                                                                                   -0.1295
  --------------------------------------------------------------------------------------------------------------
  slack (VIOLATED)                                                                                    -0.1295


1
