============================================================
  Generated by:           Genus(TM) Synthesis Solution 19.12-s121_1
  Generated on:           Feb 02 2023  08:15:46 pm
  Module:                 adder_1c
  Technology library:     saed32rvt_ss0p95v125c 1.0000000
  Operating conditions:   _nominal_ (balanced_tree)
  Wireload mode:          enclosed
  Area mode:              timing library
============================================================

Timing
-------
  Cost    Critical            Violating 
 Group   Path Slack    TNS      Paths   
----------------------------------------
default      -198.7   -832.1          5 
----------------------------------------
Total                 -832.1          5 

Instance Count
--------------
Leaf Instance Count             39 
Physical Instance count          0 
Sequential Instance Count        0 
Combinational Instance Count    39 
Hierarchical Instance Count      0 

Area
----
Cell Area                          97.337
Physical Cell Area                 0.000
Total Cell Area (Cell+Physical)    97.337
Net Area                           0.000
Total Area (Cell+Physical+Net)     97.337

Max Fanout                         10 (b_0_)
Min Fanout                         1 (sum_0_)
Average Fanout                     2.4
Terms to net ratio                 3.1250
Terms to instance ratio            3.8462
Runtime                            21.699657000000002 seconds
Elapsed Runtime                    47 seconds
Genus peak memory usage            1020.44 
Innovus peak memory usage          no_value 
Hostname                           auto.ece.pdx.edu
